{"/Users/dk/Repos/Odin/battlewich/src/dom.js": {"path":"/Users/dk/Repos/Odin/battlewich/src/dom.js","statementMap":{"0":{"start":{"line":2,"column":2},"end":{"line":2,"column":13}},"1":{"start":{"line":5,"column":12},"end":{"line":31,"column":3}},"2":{"start":{"line":6,"column":21},"end":{"line":6,"column":57}},"3":{"start":{"line":7,"column":24},"end":{"line":7,"column":61}},"4":{"start":{"line":8,"column":25},"end":{"line":8,"column":63}},"5":{"start":{"line":10,"column":21},"end":{"line":19,"column":6}},"6":{"start":{"line":11,"column":2},"end":{"line":18,"column":6}},"7":{"start":{"line":12,"column":4},"end":{"line":17,"column":7}},"8":{"start":{"line":13,"column":6},"end":{"line":17,"column":7}},"9":{"start":{"line":14,"column":8},"end":{"line":14,"column":42}},"10":{"start":{"line":16,"column":8},"end":{"line":16,"column":42}},"11":{"start":{"line":21,"column":2},"end":{"line":28,"column":6}},"12":{"start":{"line":22,"column":4},"end":{"line":27,"column":7}},"13":{"start":{"line":23,"column":6},"end":{"line":27,"column":7}},"14":{"start":{"line":24,"column":8},"end":{"line":24,"column":42}},"15":{"start":{"line":26,"column":8},"end":{"line":26,"column":42}}},"fnMap":{"0":{"name":"myTest","decl":{"start":{"line":1,"column":16},"end":{"line":1,"column":22}},"loc":{"start":{"line":1,"column":29},"end":{"line":3,"column":1}},"line":1},"1":{"name":"(anonymous_1)","decl":{"start":{"line":5,"column":14},"end":{"line":5,"column":15}},"loc":{"start":{"line":5,"column":20},"end":{"line":30,"column":3}},"line":5},"2":{"name":"(anonymous_2)","decl":{"start":{"line":10,"column":23},"end":{"line":10,"column":24}},"loc":{"start":{"line":10,"column":29},"end":{"line":19,"column":3}},"line":10},"3":{"name":"(anonymous_3)","decl":{"start":{"line":11,"column":25},"end":{"line":11,"column":26}},"loc":{"start":{"line":11,"column":37},"end":{"line":18,"column":5}},"line":11},"4":{"name":"(anonymous_4)","decl":{"start":{"line":21,"column":26},"end":{"line":21,"column":27}},"loc":{"start":{"line":21,"column":38},"end":{"line":28,"column":5}},"line":21}},"branchMap":{"0":{"loc":{"start":{"line":12,"column":4},"end":{"line":17,"column":7}},"type":"if","locations":[{"start":{"line":12,"column":4},"end":{"line":17,"column":7}},{"start":{},"end":{}}],"line":12},"1":{"loc":{"start":{"line":13,"column":6},"end":{"line":17,"column":7}},"type":"if","locations":[{"start":{"line":13,"column":6},"end":{"line":17,"column":7}},{"start":{"line":15,"column":13},"end":{"line":17,"column":7}}],"line":13},"2":{"loc":{"start":{"line":22,"column":4},"end":{"line":27,"column":7}},"type":"if","locations":[{"start":{"line":22,"column":4},"end":{"line":27,"column":7}},{"start":{},"end":{}}],"line":22},"3":{"loc":{"start":{"line":23,"column":6},"end":{"line":27,"column":7}},"type":"if","locations":[{"start":{"line":23,"column":6},"end":{"line":27,"column":7}},{"start":{"line":25,"column":13},"end":{"line":27,"column":7}}],"line":23}},"s":{"0":1,"1":1,"2":1,"3":1,"4":1,"5":1,"6":1,"7":0,"8":0,"9":0,"10":0,"11":1,"12":0,"13":0,"14":0,"15":0},"f":{"0":1,"1":1,"2":1,"3":0,"4":0},"b":{"0":[0,0],"1":[0,0],"2":[0,0],"3":[0,0]},"_coverageSchema":"1a1c01bbd47fc00a2c39e90264f33305004495a9","hash":"7b9afcb6b40832b52f5c25a802166bbc8d769848"}
,"/Users/dk/Repos/Odin/battlewich/src/wichFactory.js": {"path":"/Users/dk/Repos/Odin/battlewich/src/wichFactory.js","statementMap":{"0":{"start":{"line":1,"column":24},"end":{"line":28,"column":1}},"1":{"start":{"line":3,"column":2},"end":{"line":27,"column":3}},"2":{"start":{"line":12,"column":6},"end":{"line":14,"column":7}},"3":{"start":{"line":13,"column":8},"end":{"line":13,"column":27}},"4":{"start":{"line":15,"column":6},"end":{"line":15,"column":27}},"5":{"start":{"line":19,"column":6},"end":{"line":24,"column":7}},"6":{"start":{"line":20,"column":8},"end":{"line":20,"column":32}},"7":{"start":{"line":21,"column":8},"end":{"line":21,"column":20}},"8":{"start":{"line":22,"column":13},"end":{"line":24,"column":7}},"9":{"start":{"line":23,"column":8},"end":{"line":23,"column":21}}},"fnMap":{"0":{"name":"(anonymous_0)","decl":{"start":{"line":1,"column":24},"end":{"line":1,"column":25}},"loc":{"start":{"line":1,"column":102},"end":{"line":28,"column":1}},"line":1},"1":{"name":"(anonymous_1)","decl":{"start":{"line":11,"column":4},"end":{"line":11,"column":5}},"loc":{"start":{"line":11,"column":11},"end":{"line":16,"column":5}},"line":11},"2":{"name":"(anonymous_2)","decl":{"start":{"line":18,"column":4},"end":{"line":18,"column":5}},"loc":{"start":{"line":18,"column":14},"end":{"line":25,"column":5}},"line":18}},"branchMap":{"0":{"loc":{"start":{"line":1,"column":63},"end":{"line":1,"column":76}},"type":"default-arg","locations":[{"start":{"line":1,"column":75},"end":{"line":1,"column":76}}],"line":1},"1":{"loc":{"start":{"line":1,"column":78},"end":{"line":1,"column":97}},"type":"default-arg","locations":[{"start":{"line":1,"column":92},"end":{"line":1,"column":97}}],"line":1},"2":{"loc":{"start":{"line":12,"column":6},"end":{"line":14,"column":7}},"type":"if","locations":[{"start":{"line":12,"column":6},"end":{"line":14,"column":7}},{"start":{},"end":{}}],"line":12},"3":{"loc":{"start":{"line":19,"column":6},"end":{"line":24,"column":7}},"type":"if","locations":[{"start":{"line":19,"column":6},"end":{"line":24,"column":7}},{"start":{"line":22,"column":13},"end":{"line":24,"column":7}}],"line":19},"4":{"loc":{"start":{"line":22,"column":13},"end":{"line":24,"column":7}},"type":"if","locations":[{"start":{"line":22,"column":13},"end":{"line":24,"column":7}},{"start":{},"end":{}}],"line":22}},"s":{"0":1,"1":4,"2":10,"3":8,"4":10,"5":0,"6":0,"7":0,"8":0,"9":0},"f":{"0":4,"1":10,"2":0},"b":{"0":[4],"1":[4],"2":[8,2],"3":[0,0],"4":[0,0]},"_coverageSchema":"1a1c01bbd47fc00a2c39e90264f33305004495a9","hash":"4d42662248cb36087d769ad7efa11e6c9133ef89"}
}
